[0.014s] Invoking command in '/home/swati/VBM/ros2_ws/build/custom_interfaces': CMAKE_PREFIX_PATH=${CMAKE_PREFIX_PATH}:/home/swati/VBM/ros2_ws/install/visual_servo:/home/swati/VBM/ros2_ws/install/opencv_test_py:/opt/ros/humble /usr/bin/cmake --build /home/swati/VBM/ros2_ws/build/custom_interfaces -- -j20 -l20
[0.174s] -- Found ament_cmake: 1.3.10 (/opt/ros/humble/share/ament_cmake/cmake)
[0.174s] -- Found geometry_msgs: 4.2.4 (/opt/ros/humble/share/geometry_msgs/cmake)
[0.174s] -- Found rosidl_generator_c: 3.1.5 (/opt/ros/humble/share/rosidl_generator_c/cmake)
[0.174s] -- Found rosidl_adapter: 3.1.5 (/opt/ros/humble/share/rosidl_adapter/cmake)
[0.175s] -- Found rosidl_generator_cpp: 3.1.5 (/opt/ros/humble/share/rosidl_generator_cpp/cmake)
[0.175s] -- Using all available rosidl_typesupport_c: rosidl_typesupport_fastrtps_c;rosidl_typesupport_introspection_c
[0.175s] -- Using all available rosidl_typesupport_cpp: rosidl_typesupport_fastrtps_cpp;rosidl_typesupport_introspection_cpp
[0.181s] -- Found rosidl_default_generators: 1.2.0 (/opt/ros/humble/share/rosidl_default_generators/cmake)
[0.299s] [31mCMake Error at /opt/ros/humble/share/rosidl_adapter/cmake/rosidl_adapt_interfaces.cmake:59 (message):
[0.299s]   execute_process(/usr/bin/python3 -m rosidl_adapter --package-name
[0.299s]   custom_interfaces --arguments-file
[0.299s]   /home/swati/VBM/ros2_ws/build/custom_interfaces/rosidl_adapter__arguments__custom_interfaces.json
[0.299s]   --output-dir
[0.299s]   /home/swati/VBM/ros2_ws/build/custom_interfaces/rosidl_adapter/custom_interfaces
[0.299s]   --output-file
[0.299s]   /home/swati/VBM/ros2_ws/build/custom_interfaces/rosidl_adapter/custom_interfaces.idls)
[0.299s]   returned error code 1:
[0.299s] 
[0.300s]   Traceback (most recent call last):
[0.300s] 
[0.300s]     File "/usr/lib/python3.10/runpy.py", line 196, in _run_module_as_main
[0.300s]       return _run_code(code, main_globals, None,
[0.300s]     File "/usr/lib/python3.10/runpy.py", line 86, in _run_code
[0.300s]       exec(code, run_globals)
[0.300s]     File "/opt/ros/humble/local/lib/python3.10/dist-packages/rosidl_adapter/__main__.py", line 19, in <module>
[0.300s]       sys.exit(main())
[0.300s]     File "/opt/ros/humble/local/lib/python3.10/dist-packages/rosidl_adapter/main.py", line 53, in main
[0.300s]       abs_idl_file = convert_to_idl(
[0.300s]     File "/opt/ros/humble/local/lib/python3.10/dist-packages/rosidl_adapter/__init__.py", line 19, in convert_to_idl
[0.300s]       return convert_msg_to_idl(
[0.301s]     File "/opt/ros/humble/local/lib/python3.10/dist-packages/rosidl_adapter/msg/__init__.py", line 28, in convert_msg_to_idl
[0.301s]       msg = parse_message_string(package_name, input_file.stem, content)
[0.301s]     File "/opt/ros/humble/local/lib/python3.10/dist-packages/rosidl_adapter/parser.py", line 544, in parse_message_string
[0.301s]       msg = MessageSpecification(pkg_name, msg_name, fields, constants)
[0.301s]     File "/opt/ros/humble/local/lib/python3.10/dist-packages/rosidl_adapter/parser.py", line 388, in __init__
[0.301s]       self.base_type = BaseType(
[0.301s]     File "/opt/ros/humble/local/lib/python3.10/dist-packages/rosidl_adapter/parser.py", line 205, in __init__
[0.301s]       raise InvalidResourceName(
[0.301s] 
[0.301s]   rosidl_adapter.parser.InvalidResourceName: 'point_array' is an invalid
[0.301s]   message name.  It should have the pattern '^[A-Z][A-Za-z0-9]*$'
[0.301s] 
[0.301s] Call Stack (most recent call first):
[0.301s]   /opt/ros/humble/share/rosidl_cmake/cmake/rosidl_generate_interfaces.cmake:130 (rosidl_adapt_interfaces)
[0.301s]   CMakeLists.txt:17 (rosidl_generate_interfaces)
[0.301s] 
[0.301s] [0m
[0.301s] -- Configuring incomplete, errors occurred!
[0.301s] See also "/home/swati/VBM/ros2_ws/build/custom_interfaces/CMakeFiles/CMakeOutput.log".
[0.302s] gmake: *** [Makefile:226: cmake_check_build_system] Error 1
[0.337s] Invoked command in '/home/swati/VBM/ros2_ws/build/custom_interfaces' returned '2': CMAKE_PREFIX_PATH=${CMAKE_PREFIX_PATH}:/home/swati/VBM/ros2_ws/install/visual_servo:/home/swati/VBM/ros2_ws/install/opencv_test_py:/opt/ros/humble /usr/bin/cmake --build /home/swati/VBM/ros2_ws/build/custom_interfaces -- -j20 -l20
